Started GET "/" for 127.0.0.1 at 2018-02-10 16:59:13 +0900
Processing by Rails::WelcomeController#index as HTML
  Rendering /Users/kawashimakenji/.rbenv/versions/2.3.1/lib/ruby/gems/2.3.0/gems/railties-5.1.4/lib/rails/templates/rails/welcome/index.html.erb
  Rendered /Users/kawashimakenji/.rbenv/versions/2.3.1/lib/ruby/gems/2.3.0/gems/railties-5.1.4/lib/rails/templates/rails/welcome/index.html.erb (3.6ms)
Completed 200 OK in 270ms (Views: 12.0ms)


Started GET "/" for 127.0.0.1 at 2018-02-10 17:30:29 +0900
Processing by Rails::WelcomeController#index as HTML
  Rendering /Users/kawashimakenji/.rbenv/versions/2.3.1/lib/ruby/gems/2.3.0/gems/railties-5.1.4/lib/rails/templates/rails/welcome/index.html.erb
  Rendered /Users/kawashimakenji/.rbenv/versions/2.3.1/lib/ruby/gems/2.3.0/gems/railties-5.1.4/lib/rails/templates/rails/welcome/index.html.erb (2.3ms)
Completed 200 OK in 9ms (Views: 5.3ms)


Started GET "/" for 127.0.0.1 at 2018-02-10 18:04:59 +0900
Processing by MassagesControllerController#index as HTML
  Rendering massages_controller/index.html.haml within layouts/application
  Rendered massages_controller/index.html.haml within layouts/application (2.9ms)
Completed 200 OK in 282ms (Views: 279.9ms)


Started GET "/" for 127.0.0.1 at 2018-02-10 19:11:49 +0900
Processing by MassagesControllerController#index as HTML
  Rendering massages_controller/index.html within layouts/application
  Rendered massages_controller/index.html within layouts/application (0.2ms)
Completed 200 OK in 34ms (Views: 26.2ms)


Started GET "/" for 127.0.0.1 at 2018-02-10 19:23:11 +0900
Processing by MassagesControllerController#index as HTML
  Rendering massages_controller/index.html within layouts/application
  Rendered massages_controller/index.html within layouts/application (0.2ms)
Completed 200 OK in 36ms (Views: 34.2ms)


Started GET "/" for 127.0.0.1 at 2018-02-12 09:35:43 +0900
Processing by MassagesControllerController#index as HTML
  Rendering massages_controller/index.html within layouts/application
  Rendered massages_controller/index.html within layouts/application (2.5ms)
Completed 200 OK in 100ms (Views: 86.4ms)


Started GET "/" for 127.0.0.1 at 2018-02-12 14:30:38 +0900
  
ActionController::RoutingError (uninitialized constant MassagesControllerController):
  
activesupport (5.1.4) lib/active_support/inflector/methods.rb:269:in `const_get'
activesupport (5.1.4) lib/active_support/inflector/methods.rb:269:in `block in constantize'
activesupport (5.1.4) lib/active_support/inflector/methods.rb:267:in `each'
activesupport (5.1.4) lib/active_support/inflector/methods.rb:267:in `inject'
activesupport (5.1.4) lib/active_support/inflector/methods.rb:267:in `constantize'
actionpack (5.1.4) lib/action_dispatch/http/request.rb:85:in `controller_class_for'
actionpack (5.1.4) lib/action_dispatch/http/request.rb:78:in `controller_class'
actionpack (5.1.4) lib/action_dispatch/routing/route_set.rb:43:in `controller'
actionpack (5.1.4) lib/action_dispatch/routing/route_set.rb:29:in `serve'
actionpack (5.1.4) lib/action_dispatch/journey/router.rb:50:in `block in serve'
actionpack (5.1.4) lib/action_dispatch/journey/router.rb:33:in `each'
actionpack (5.1.4) lib/action_dispatch/journey/router.rb:33:in `serve'
actionpack (5.1.4) lib/action_dispatch/routing/route_set.rb:834:in `call'
warden (1.2.7) lib/warden/manager.rb:36:in `block in call'
warden (1.2.7) lib/warden/manager.rb:35:in `catch'
warden (1.2.7) lib/warden/manager.rb:35:in `call'
rack (2.0.4) lib/rack/etag.rb:25:in `call'
rack (2.0.4) lib/rack/conditional_get.rb:25:in `call'
rack (2.0.4) lib/rack/head.rb:12:in `call'
rack (2.0.4) lib/rack/session/abstract/id.rb:232:in `context'
rack (2.0.4) lib/rack/session/abstract/id.rb:226:in `call'
actionpack (5.1.4) lib/action_dispatch/middleware/cookies.rb:613:in `call'
activerecord (5.1.4) lib/active_record/migration.rb:556:in `call'
actionpack (5.1.4) lib/action_dispatch/middleware/callbacks.rb:26:in `block in call'
activesupport (5.1.4) lib/active_support/callbacks.rb:97:in `run_callbacks'
actionpack (5.1.4) lib/action_dispatch/middleware/callbacks.rb:24:in `call'
actionpack (5.1.4) lib/action_dispatch/middleware/executor.rb:12:in `call'
actionpack (5.1.4) lib/action_dispatch/middleware/debug_exceptions.rb:59:in `call'
web-console (3.5.1) lib/web_console/middleware.rb:135:in `call_app'
web-console (3.5.1) lib/web_console/middleware.rb:28:in `block in call'
web-console (3.5.1) lib/web_console/middleware.rb:18:in `catch'
web-console (3.5.1) lib/web_console/middleware.rb:18:in `call'
actionpack (5.1.4) lib/action_dispatch/middleware/show_exceptions.rb:31:in `call'
railties (5.1.4) lib/rails/rack/logger.rb:36:in `call_app'
railties (5.1.4) lib/rails/rack/logger.rb:24:in `block in call'
activesupport (5.1.4) lib/active_support/tagged_logging.rb:69:in `block in tagged'
activesupport (5.1.4) lib/active_support/tagged_logging.rb:26:in `tagged'
activesupport (5.1.4) lib/active_support/tagged_logging.rb:69:in `tagged'
railties (5.1.4) lib/rails/rack/logger.rb:24:in `call'
sprockets-rails (3.2.1) lib/sprockets/rails/quiet_assets.rb:13:in `call'
actionpack (5.1.4) lib/action_dispatch/middleware/remote_ip.rb:79:in `call'
actionpack (5.1.4) lib/action_dispatch/middleware/request_id.rb:25:in `call'
rack (2.0.4) lib/rack/method_override.rb:22:in `call'
rack (2.0.4) lib/rack/runtime.rb:22:in `call'
activesupport (5.1.4) lib/active_support/cache/strategy/local_cache_middleware.rb:27:in `call'
actionpack (5.1.4) lib/action_dispatch/middleware/executor.rb:12:in `call'
actionpack (5.1.4) lib/action_dispatch/middleware/static.rb:125:in `call'
rack (2.0.4) lib/rack/sendfile.rb:111:in `call'
railties (5.1.4) lib/rails/engine.rb:522:in `call'
puma (3.11.2) lib/puma/configuration.rb:225:in `call'
puma (3.11.2) lib/puma/server.rb:624:in `handle_request'
puma (3.11.2) lib/puma/server.rb:438:in `process_client'
puma (3.11.2) lib/puma/server.rb:302:in `block in run'
puma (3.11.2) lib/puma/thread_pool.rb:120:in `block in spawn_thread'
Started GET "/" for 127.0.0.1 at 2018-02-12 14:31:45 +0900
Processing by MassagesController#index as HTML
Completed 401 Unauthorized in 323ms


  
ActionController::UnknownFormat (MassagesController#index is missing a template for this request format and variant.

request.formats: ["text/html"]
request.variant: []

NOTE! For XHR/Ajax or API requests, this action would normally respond with 204 No Content: an empty white screen. Since you're loading it in a web browser, we assume that you expected to actually render a template, not nothing, so we're showing an error to be extra-clear. If you expect 204 No Content, carry on. That's what you'll get from an XHR or API request. Give it a shot.):
  
actionpack (5.1.4) lib/action_controller/metal/implicit_render.rb:53:in `default_render'
actionpack (5.1.4) lib/action_controller/metal/basic_implicit_render.rb:4:in `block in send_action'
actionpack (5.1.4) lib/action_controller/metal/basic_implicit_render.rb:4:in `tap'
actionpack (5.1.4) lib/action_controller/metal/basic_implicit_render.rb:4:in `send_action'
actionpack (5.1.4) lib/abstract_controller/base.rb:186:in `process_action'
actionpack (5.1.4) lib/action_controller/metal/rendering.rb:30:in `process_action'
actionpack (5.1.4) lib/abstract_controller/callbacks.rb:20:in `block in process_action'
activesupport (5.1.4) lib/active_support/callbacks.rb:131:in `run_callbacks'
actionpack (5.1.4) lib/abstract_controller/callbacks.rb:19:in `process_action'
actionpack (5.1.4) lib/action_controller/metal/rescue.rb:20:in `process_action'
actionpack (5.1.4) lib/action_controller/metal/instrumentation.rb:32:in `block in process_action'
activesupport (5.1.4) lib/active_support/notifications.rb:166:in `block in instrument'
activesupport (5.1.4) lib/active_support/notifications/instrumenter.rb:21:in `instrument'
activesupport (5.1.4) lib/active_support/notifications.rb:166:in `instrument'
actionpack (5.1.4) lib/action_controller/metal/instrumentation.rb:30:in `process_action'
actionpack (5.1.4) lib/action_controller/metal/params_wrapper.rb:252:in `process_action'
activerecord (5.1.4) lib/active_record/railties/controller_runtime.rb:22:in `process_action'
actionpack (5.1.4) lib/abstract_controller/base.rb:124:in `process'
actionview (5.1.4) lib/action_view/rendering.rb:30:in `process'
actionpack (5.1.4) lib/action_controller/metal.rb:189:in `dispatch'
actionpack (5.1.4) lib/action_controller/metal.rb:253:in `dispatch'
actionpack (5.1.4) lib/action_dispatch/routing/route_set.rb:49:in `dispatch'
actionpack (5.1.4) lib/action_dispatch/routing/route_set.rb:31:in `serve'
actionpack (5.1.4) lib/action_dispatch/journey/router.rb:50:in `block in serve'
actionpack (5.1.4) lib/action_dispatch/journey/router.rb:33:in `each'
actionpack (5.1.4) lib/action_dispatch/journey/router.rb:33:in `serve'
actionpack (5.1.4) lib/action_dispatch/routing/route_set.rb:834:in `call'
warden (1.2.7) lib/warden/manager.rb:36:in `block in call'
warden (1.2.7) lib/warden/manager.rb:35:in `catch'
warden (1.2.7) lib/warden/manager.rb:35:in `call'
rack (2.0.4) lib/rack/etag.rb:25:in `call'
rack (2.0.4) lib/rack/conditional_get.rb:25:in `call'
rack (2.0.4) lib/rack/head.rb:12:in `call'
rack (2.0.4) lib/rack/session/abstract/id.rb:232:in `context'
rack (2.0.4) lib/rack/session/abstract/id.rb:226:in `call'
actionpack (5.1.4) lib/action_dispatch/middleware/cookies.rb:613:in `call'
activerecord (5.1.4) lib/active_record/migration.rb:556:in `call'
actionpack (5.1.4) lib/action_dispatch/middleware/callbacks.rb:26:in `block in call'
activesupport (5.1.4) lib/active_support/callbacks.rb:97:in `run_callbacks'
actionpack (5.1.4) lib/action_dispatch/middleware/callbacks.rb:24:in `call'
actionpack (5.1.4) lib/action_dispatch/middleware/executor.rb:12:in `call'
actionpack (5.1.4) lib/action_dispatch/middleware/debug_exceptions.rb:59:in `call'
web-console (3.5.1) lib/web_console/middleware.rb:135:in `call_app'
web-console (3.5.1) lib/web_console/middleware.rb:28:in `block in call'
web-console (3.5.1) lib/web_console/middleware.rb:18:in `catch'
web-console (3.5.1) lib/web_console/middleware.rb:18:in `call'
actionpack (5.1.4) lib/action_dispatch/middleware/show_exceptions.rb:31:in `call'
railties (5.1.4) lib/rails/rack/logger.rb:36:in `call_app'
railties (5.1.4) lib/rails/rack/logger.rb:24:in `block in call'
activesupport (5.1.4) lib/active_support/tagged_logging.rb:69:in `block in tagged'
activesupport (5.1.4) lib/active_support/tagged_logging.rb:26:in `tagged'
activesupport (5.1.4) lib/active_support/tagged_logging.rb:69:in `tagged'
railties (5.1.4) lib/rails/rack/logger.rb:24:in `call'
sprockets-rails (3.2.1) lib/sprockets/rails/quiet_assets.rb:13:in `call'
actionpack (5.1.4) lib/action_dispatch/middleware/remote_ip.rb:79:in `call'
actionpack (5.1.4) lib/action_dispatch/middleware/request_id.rb:25:in `call'
rack (2.0.4) lib/rack/method_override.rb:22:in `call'
rack (2.0.4) lib/rack/runtime.rb:22:in `call'
activesupport (5.1.4) lib/active_support/cache/strategy/local_cache_middleware.rb:27:in `call'
actionpack (5.1.4) lib/action_dispatch/middleware/executor.rb:12:in `call'
actionpack (5.1.4) lib/action_dispatch/middleware/static.rb:125:in `call'
rack (2.0.4) lib/rack/sendfile.rb:111:in `call'
railties (5.1.4) lib/rails/engine.rb:522:in `call'
puma (3.11.2) lib/puma/configuration.rb:225:in `call'
puma (3.11.2) lib/puma/server.rb:624:in `handle_request'
puma (3.11.2) lib/puma/server.rb:438:in `process_client'
puma (3.11.2) lib/puma/server.rb:302:in `block in run'
puma (3.11.2) lib/puma/thread_pool.rb:120:in `block in spawn_thread'
Started GET "/" for 127.0.0.1 at 2018-02-12 14:34:37 +0900
Processing by MassagesController#index as HTML
  Rendering massages/index.html within layouts/application
  Rendered massages/index.html within layouts/application (0.2ms)
Completed 200 OK in 283ms (Views: 281.2ms)


Started GET "/" for 127.0.0.1 at 2018-02-12 15:55:39 +0900
Processing by MassagesController#index as HTML
  Rendering massages/index.html.haml within layouts/application
  Rendered massages/index.html.haml within layouts/application (23.6ms)
Completed 200 OK in 42ms (Views: 39.0ms)


Started GET "/" for 127.0.0.1 at 2018-02-12 20:27:18 +0900
Processing by MassagesController#index as HTML
  Rendering massages/index.html.haml within layouts/application
  Rendered massages/index.html.haml within layouts/application (4.2ms)
Completed 401 Unauthorized in 13ms


  
ActionView::Template::Error (Invalid tag: "%#notification".):
     5:     = javascript_include_tag 'application', 'data-turbolinks-track' =>  true
     6:     = csrf_meta_tags
     7:   %body
     8:     %#notification
     9: 
    10:     %#chat-side
    11:       %#chat-side__user
  
app/views/massages/index.html.haml:8
Started GET "/" for 127.0.0.1 at 2018-02-12 20:27:51 +0900
Processing by MassagesController#index as HTML
  Rendering massages/index.html.haml within layouts/application
  Rendered massages/index.html.haml within layouts/application (1.9ms)
Completed 401 Unauthorized in 11ms


  
ActionView::Template::Error (Invalid tag: "%#notification".):
     5:     = javascript_include_tag 'application', 'data-turbolinks-track' =>  true
     6:     = csrf_meta_tags
     7:   %body
     8:     %#notification
     9:     %#chat-side
    10:       %#chat-side__user
    11:         %#chat-side__user-content
  
app/views/massages/index.html.haml:8
  [1m[35m (24.8ms)[0m  [1m[35mSET NAMES utf8,  @@SESSION.sql_mode = CONCAT(CONCAT(@@sql_mode, ',STRICT_ALL_TABLES'), ',NO_AUTO_VALUE_ON_ZERO'),  @@SESSION.sql_auto_is_null = 0, @@SESSION.wait_timeout = 2147483[0m
  [1m[35m (0.3ms)[0m  [1m[35mSET NAMES utf8,  @@SESSION.sql_mode = CONCAT(CONCAT(@@sql_mode, ',STRICT_ALL_TABLES'), ',NO_AUTO_VALUE_ON_ZERO'),  @@SESSION.sql_auto_is_null = 0, @@SESSION.wait_timeout = 2147483[0m
  [1m[35m (24.1ms)[0m  [1m[35mDROP DATABASE IF EXISTS `chat-space_development`[0m
  [1m[35m (0.3ms)[0m  [1m[35mSET NAMES utf8,  @@SESSION.sql_mode = CONCAT(CONCAT(@@sql_mode, ',STRICT_ALL_TABLES'), ',NO_AUTO_VALUE_ON_ZERO'),  @@SESSION.sql_auto_is_null = 0, @@SESSION.wait_timeout = 2147483[0m
  [1m[35m (0.8ms)[0m  [1m[35mDROP DATABASE IF EXISTS `chat-space_test`[0m
  [1m[35m (0.2ms)[0m  [1m[35mSET NAMES utf8,  @@SESSION.sql_mode = CONCAT(CONCAT(@@sql_mode, ',STRICT_ALL_TABLES'), ',NO_AUTO_VALUE_ON_ZERO'),  @@SESSION.sql_auto_is_null = 0, @@SESSION.wait_timeout = 2147483[0m
  [1m[35m (1.5ms)[0m  [1m[35mCREATE DATABASE `chat-space_development` DEFAULT CHARACTER SET `utf8`[0m
  [1m[35m (0.2ms)[0m  [1m[35mSET NAMES utf8,  @@SESSION.sql_mode = CONCAT(CONCAT(@@sql_mode, ',STRICT_ALL_TABLES'), ',NO_AUTO_VALUE_ON_ZERO'),  @@SESSION.sql_auto_is_null = 0, @@SESSION.wait_timeout = 2147483[0m
  [1m[35m (0.4ms)[0m  [1m[35mCREATE DATABASE `chat-space_test` DEFAULT CHARACTER SET `utf8`[0m
  [1m[35m (0.2ms)[0m  [1m[35mSET NAMES utf8,  @@SESSION.sql_mode = CONCAT(CONCAT(@@sql_mode, ',STRICT_ALL_TABLES'), ',NO_AUTO_VALUE_ON_ZERO'),  @@SESSION.sql_auto_is_null = 0, @@SESSION.wait_timeout = 2147483[0m
  [1m[35m (35.7ms)[0m  [1m[35mCREATE TABLE `schema_migrations` (`version` varchar(255) NOT NULL PRIMARY KEY) ENGINE=InnoDB[0m
  [1m[35m (31.6ms)[0m  [1m[35mCREATE TABLE `ar_internal_metadata` (`key` varchar(255) NOT NULL PRIMARY KEY, `value` varchar(255), `created_at` datetime NOT NULL, `updated_at` datetime NOT NULL) ENGINE=InnoDB[0m
  [1m[35m (1.9ms)[0m  [1m[34mSELECT GET_LOCK(8445024276154775190, 0)[0m
  [1m[35m (0.3ms)[0m  [1m[34mSELECT `schema_migrations`.`version` FROM `schema_migrations` ORDER BY `schema_migrations`.`version` ASC[0m
Migrating to CreateTags (20180213021234)
  [1m[35m (30.4ms)[0m  [1m[35mCREATE TABLE `tags` (`id` bigint NOT NULL AUTO_INCREMENT PRIMARY KEY, `created_at` datetime NOT NULL, `updated_at` datetime NOT NULL) ENGINE=InnoDB[0m
  [1m[35m (0.6ms)[0m  [1m[35mBEGIN[0m
  [1m[35mSQL (2.9ms)[0m  [1m[32mINSERT INTO `schema_migrations` (`version`) VALUES ('20180213021234')[0m
  [1m[35m (1.3ms)[0m  [1m[35mCOMMIT[0m
Migrating to CreatePrototypeTags (20180213021251)
  [1m[35m (23.1ms)[0m  [1m[35mCREATE TABLE `prototype_tags` (`id` bigint NOT NULL AUTO_INCREMENT PRIMARY KEY, `created_at` datetime NOT NULL, `updated_at` datetime NOT NULL) ENGINE=InnoDB[0m
  [1m[35m (0.2ms)[0m  [1m[35mBEGIN[0m
  [1m[35mSQL (0.3ms)[0m  [1m[32mINSERT INTO `schema_migrations` (`version`) VALUES ('20180213021251')[0m
  [1m[35m (0.5ms)[0m  [1m[35mCOMMIT[0m
  [1m[36mActiveRecord::InternalMetadata Load (0.3ms)[0m  [1m[34mSELECT  `ar_internal_metadata`.* FROM `ar_internal_metadata` WHERE `ar_internal_metadata`.`key` = 'environment' LIMIT 1[0m
  [1m[35m (0.2ms)[0m  [1m[35mBEGIN[0m
  [1m[35mSQL (1.3ms)[0m  [1m[32mINSERT INTO `ar_internal_metadata` (`key`, `value`, `created_at`, `updated_at`) VALUES ('environment', 'development', '2018-02-17 04:32:39', '2018-02-17 04:32:39')[0m
  [1m[35m (0.5ms)[0m  [1m[35mCOMMIT[0m
  [1m[35m (1.0ms)[0m  [1m[34mSELECT RELEASE_LOCK(8445024276154775190)[0m
  [1m[35m (0.2ms)[0m  [1m[34mSELECT `schema_migrations`.`version` FROM `schema_migrations` ORDER BY `schema_migrations`.`version` ASC[0m
Started GET "/tests/index" for 127.0.0.1 at 2018-02-18 12:30:45 +0900
  
ActionController::RoutingError (No route matches [GET] "/tests/index"):
  
actionpack (5.1.4) lib/action_dispatch/middleware/debug_exceptions.rb:63:in `call'
web-console (3.5.1) lib/web_console/middleware.rb:135:in `call_app'
web-console (3.5.1) lib/web_console/middleware.rb:28:in `block in call'
web-console (3.5.1) lib/web_console/middleware.rb:18:in `catch'
web-console (3.5.1) lib/web_console/middleware.rb:18:in `call'
actionpack (5.1.4) lib/action_dispatch/middleware/show_exceptions.rb:31:in `call'
railties (5.1.4) lib/rails/rack/logger.rb:36:in `call_app'
railties (5.1.4) lib/rails/rack/logger.rb:24:in `block in call'
activesupport (5.1.4) lib/active_support/tagged_logging.rb:69:in `block in tagged'
activesupport (5.1.4) lib/active_support/tagged_logging.rb:26:in `tagged'
activesupport (5.1.4) lib/active_support/tagged_logging.rb:69:in `tagged'
railties (5.1.4) lib/rails/rack/logger.rb:24:in `call'
sprockets-rails (3.2.1) lib/sprockets/rails/quiet_assets.rb:13:in `call'
actionpack (5.1.4) lib/action_dispatch/middleware/remote_ip.rb:79:in `call'
actionpack (5.1.4) lib/action_dispatch/middleware/request_id.rb:25:in `call'
rack (2.0.4) lib/rack/method_override.rb:22:in `call'
rack (2.0.4) lib/rack/runtime.rb:22:in `call'
activesupport (5.1.4) lib/active_support/cache/strategy/local_cache_middleware.rb:27:in `call'
actionpack (5.1.4) lib/action_dispatch/middleware/executor.rb:12:in `call'
actionpack (5.1.4) lib/action_dispatch/middleware/static.rb:125:in `call'
rack (2.0.4) lib/rack/sendfile.rb:111:in `call'
railties (5.1.4) lib/rails/engine.rb:522:in `call'
puma (3.11.2) lib/puma/configuration.rb:225:in `call'
puma (3.11.2) lib/puma/server.rb:624:in `handle_request'
puma (3.11.2) lib/puma/server.rb:438:in `process_client'
puma (3.11.2) lib/puma/server.rb:302:in `block in run'
puma (3.11.2) lib/puma/thread_pool.rb:120:in `block in spawn_thread'
Started GET "/" for 127.0.0.1 at 2018-02-18 12:31:10 +0900
Processing by MassagesController#index as HTML
  Rendering massages/index.html.haml within layouts/application
  Rendered massages/index.html.haml within layouts/application (1.4ms)
Completed 401 Unauthorized in 295ms


  
ActionView::Template::Error (Indenting at the beginning of the document is illegal.):
    1:   %body
    2:     .notification
    3:     .chat-side
    4:       .chat-side__user
  
app/views/massages/index.html.haml:1
Started GET "/" for 127.0.0.1 at 2018-02-18 12:35:59 +0900
Processing by MassagesController#index as HTML
  Rendering massages/index.html.haml within layouts/application
  Rendered massages/index.html.haml within layouts/application (1.1ms)
Completed 401 Unauthorized in 11ms


  
ActionView::Template::Error (Indenting at the beginning of the document is illegal.):
    1:     .notification
    2:     .chat-side
    3:       .chat-side__user
    4:         .chat-side__user-content
  
app/views/massages/index.html.haml:1
Started GET "/" for 127.0.0.1 at 2018-02-18 12:37:58 +0900
Processing by MassagesController#index as HTML
  Rendering massages/index.html.haml within layouts/application
  Rendered massages/index.html.haml within layouts/application (2.8ms)
Completed 401 Unauthorized in 11ms


  
ActionView::Template::Error (Invalid filter name "::after".):
    38:         2018/02/12 19:38:56
    39:       .chat-main__massage-body
    40:         aaa
    41:       ::after
    42:   .chat-main__footer
    43:     .form{ id:'new massage', enctype:'multipart/form-data', action:'/groups/782/massages', accept-charset: 'UTF-8', method: 'post'}
  
app/views/massages/index.html.haml:41
